<?xml version="1.0" encoding="UTF-8"?>
<testng-results ignored="0" total="1" passed="1" failed="0" skipped="0">
  <reporter-output>
  </reporter-output>
  <suite started-at="2022-06-24T22:16:31 AST" name="Default suite" finished-at="2022-06-24T22:16:41 AST" duration-ms="10421">
    <groups>
    </groups>
    <test started-at="2022-06-24T22:16:31 AST" name="Default test" finished-at="2022-06-24T22:16:41 AST" duration-ms="10421">
      <class name="QAAutomation.HomePage">
        <test-method signature="NavigationPage()[pri:0, instance:QAAutomation.HomePage@729d991e]" started-at="2022-06-24T22:16:31 AST" name="NavigationPage" finished-at="2022-06-24T22:16:41 AST" duration-ms="10371" status="PASS">
          <reporter-output>
          </reporter-output>
        </test-method> <!-- NavigationPage -->
      </class> <!-- QAAutomation.HomePage -->
    </test> <!-- Default test -->
  </suite> <!-- Default suite -->
</testng-results>
